Arguments: 
  /usr/local/bin/node /usr/share/yarn/bin/yarn.js add

PATH: 
  /usr/local/sbin:/usr/local/bin:/usr/sbin:/usr/bin:/sbin:/bin:/usr/games:/usr/local/games

Yarn version: 
  1.16.0

Node version: 
  11.10.1

Platform: 
  linux x64

Trace: 
  SyntaxError: /home/bruno/facebook/back/package.json: Unexpected token } in JSON at position 582
      at JSON.parse (<anonymous>)
      at /usr/share/yarn/lib/cli.js:1625:59
      at Generator.next (<anonymous>)
      at step (/usr/share/yarn/lib/cli.js:304:30)
      at /usr/share/yarn/lib/cli.js:315:13

npm manifest: 
  {
    "name": "back",
    "version": "1.0.0",
    "description": "Profile facebook NodeJS sy mongoDB asina front React",
    "main": "index.js",
    "scripts": {
      "test": "echo \"Error: no test specified\" && exit 1"
    },
    "keywords": [
      "node",
      "mongodb"
    ],
    "author": "Laza,Lee,Bruno",
    "license": "ISC",
    "dependencies": {
      "body-parser": "^1.19.0",
      "cors": "^2.8.5",
      "express": "^4.16.4",
      "express-mongo-db": "^2.0.4",
      "method-override": "^3.0.0",
      "mongodb": "^3.2.4",
      "gridfs-stream": "1.1.1",
      "mongoose": "4.8.4",
      "multer": "1.3.0",
    }
  }

yarn manifest: 
  No manifest

Lockfile: 
  No lockfile
